<?xml version="1.0" encoding="UTF-8"?>
<!-- Generated by org.testng.reporters.JUnitReportReporter -->
<testsuite hostname="DESKTOP-E7GJ5RI" failures="0" tests="2" name="testcases.HomePageTest" time="19.928" errors="0" timestamp="2024-03-28T19:02:54 CST" skipped="1">
  <testcase classname="testcases.HomePageTest" name="clickContactsTest" time="19.928"/>
  <system-out/>
  <testcase classname="testcases.HomePageTest" name="homePageTitleTest">
    <skipped/>
  </testcase> <!-- homePageTitleTest -->
  <system-out/>
</testsuite> <!-- testcases.HomePageTest -->
