<?xml version="1.0" encoding="UTF-8"?>
<!-- Generated by org.testng.reporters.JUnitReportReporter -->
<testsuite hostname="DESKTOP-E7GJ5RI" failures="0" tests="3" name="testcases.HomePageTest" time="24.438" errors="0" timestamp="2024-03-29T18:39:33 CST" skipped="1">
  <testcase classname="testcases.HomePageTest" name="homePageUserTest" time="8.629"/>
  <system-out/>
  <testcase classname="testcases.HomePageTest" name="clickContactsTest" time="15.809"/>
  <system-out/>
  <testcase classname="testcases.HomePageTest" name="homePageTitleTest">
    <skipped/>
  </testcase> <!-- homePageTitleTest -->
  <system-out/>
</testsuite> <!-- testcases.HomePageTest -->
