<?xml version="1.0" encoding="UTF-8"?>
<!-- Generated by org.testng.reporters.JUnitReportReporter -->
<testsuite hostname="DESKTOP-E7GJ5RI" failures="0" tests="2" name="TestRunner.CucumberTestRunner" time="11.037" errors="0" timestamp="2024-04-11T15:35:13 GMT-06:00" skipped="0">
  <testcase classname="TestRunner.CucumberTestRunner" name="runScenario" time="6.578"/>
  <system-out/>
  <testcase classname="TestRunner.CucumberTestRunner" name="runScenario" time="4.459"/>
  <system-out/>
</testsuite> <!-- TestRunner.CucumberTestRunner -->
