<?xml version="1.0" encoding="UTF-8"?>
<!-- Generated by org.testng.reporters.JUnitReportReporter -->
<testsuite hostname="DESKTOP-E7GJ5RI" failures="0" tests="2" name="testcases.LoginPageTest" time="15.336" errors="0" timestamp="2024-03-27T00:21:11 CST" skipped="0">
  <testcase classname="testcases.LoginPageTest" name="loginTestPositive" time="6.992"/>
  <system-out/>
  <testcase classname="testcases.LoginPageTest" name="loginPageTitleTest" time="8.344"/>
  <system-out/>
</testsuite> <!-- testcases.LoginPageTest -->
