<?xml version="1.0" encoding="UTF-8"?>
<!-- Generated by org.testng.reporters.JUnitReportReporter -->
<testsuite hostname="DESKTOP-E7GJ5RI" failures="0" tests="1" name="testcases.NewContactTest" time="10.785" errors="0" timestamp="2024-04-05T21:53:03 CST" skipped="0">
  <testcase classname="testcases.NewContactTest" name="verifyNewContactTitle" time="10.785"/>
  <system-out/>
</testsuite> <!-- testcases.NewContactTest -->
