<?xml version="1.0" encoding="UTF-8"?>
<!-- Generated by org.testng.reporters.JUnitReportReporter -->
<testsuite hostname="DESKTOP-E7GJ5RI" failures="0" tests="1" name="TestRunner.CucumberTestRunner" time="6.300" errors="0" timestamp="2024-04-11T14:52:47 GMT-06:00" skipped="0">
  <testcase classname="TestRunner.CucumberTestRunner" name="runScenario" time="6.300"/>
  <system-out/>
</testsuite> <!-- TestRunner.CucumberTestRunner -->
