<?xml version="1.0" encoding="UTF-8"?>
<!-- Generated by org.testng.reporters.JUnitReportReporter -->
<testsuite hostname="DESKTOP-E7GJ5RI" failures="0" tests="3" name="testcases.HomePageTest" time="30.807" errors="0" timestamp="2024-03-31T15:11:20 CST" skipped="1">
  <testcase classname="testcases.HomePageTest" name="homePageUserTest" time="8.699"/>
  <system-out/>
  <testcase classname="testcases.HomePageTest" name="clickContactsTest" time="22.108"/>
  <system-out/>
  <testcase classname="testcases.HomePageTest" name="homePageTitleTest">
    <skipped/>
  </testcase> <!-- homePageTitleTest -->
  <system-out/>
</testsuite> <!-- testcases.HomePageTest -->
