<?xml version="1.0" encoding="UTF-8"?>
<!-- Generated by org.testng.reporters.JUnitReportReporter -->
<testsuite hostname="DESKTOP-E7GJ5RI" failures="0" tests="2" name="testcases.HomePageTest" time="17.238" errors="0" timestamp="2024-04-05T21:53:03 CST" skipped="0">
  <testcase classname="testcases.HomePageTest" name="homePageLabelsTest" time="6.560"/>
  <system-out/>
  <testcase classname="testcases.HomePageTest" name="clickContactsTest" time="10.678"/>
  <system-out/>
</testsuite> <!-- testcases.HomePageTest -->
