<?xml version="1.0" encoding="UTF-8"?>
<!-- Generated by org.testng.reporters.JUnitReportReporter -->
<testsuite hostname="DESKTOP-E7GJ5RI" failures="0" tests="2" name="testcases.LoginPageTest" time="11.562" errors="0" timestamp="2024-03-31T15:11:20 CST" skipped="0">
  <testcase classname="testcases.LoginPageTest" name="loginPageTitleTest" time="6.201"/>
  <system-out/>
  <testcase classname="testcases.LoginPageTest" name="loginTestPositive" time="5.361"/>
  <system-out/>
</testsuite> <!-- testcases.LoginPageTest -->
