<?xml version="1.0" encoding="UTF-8"?>
<!-- Generated by org.testng.reporters.JUnitReportReporter -->
<testsuite hostname="DESKTOP-E7GJ5RI" failures="0" tests="2" name="testcases.HomePageTest" time="12.950" errors="0" timestamp="2024-03-31T18:24:25 CST" skipped="1">
  <testcase classname="testcases.HomePageTest" name="clickContactsTest" time="12.950"/>
  <system-out/>
  <testcase classname="testcases.HomePageTest" name="homePageTitleTest">
    <skipped/>
  </testcase> <!-- homePageTitleTest -->
  <system-out/>
</testsuite> <!-- testcases.HomePageTest -->
