<?xml version="1.0" encoding="UTF-8"?>
<!-- Generated by org.testng.reporters.JUnitReportReporter -->
<testsuite hostname="DESKTOP-E7GJ5RI" failures="0" tests="2" name="testcases.LoginPageTest" time="25.900" errors="0" timestamp="2024-03-28T11:36:14 CST" skipped="0">
  <testcase classname="testcases.LoginPageTest" name="loginPageTitleTest" time="16.181"/>
  <system-out/>
  <testcase classname="testcases.LoginPageTest" name="loginTestPositive" time="9.719"/>
  <system-out/>
</testsuite> <!-- testcases.LoginPageTest -->
